[INFO ] 2024-02-23 11:00:48,447 org.testng.internal.Utils:112 - [Utils] MethodGroupsHelper.collectMethodsByGroup() took 0 ms.
[INFO ] 2024-02-23 11:00:48,454 org.testng.internal.Utils:112 - [Utils] MethodGroupsHelper.sortMethods() took 1 ms.
[INFO ] 2024-02-23 11:00:48,456 org.testng.internal.Utils:112 - [Utils] MethodGroupsHelper.collectMethodsByGroup() took 0 ms.
[INFO ] 2024-02-23 11:00:48,456 org.testng.internal.Utils:112 - [Utils] MethodGroupsHelper.sortMethods() took 0 ms.
[INFO ] 2024-02-23 11:00:48,460 org.testng.internal.Utils:112 - [Utils] MethodGroupsHelper.collectMethodsByGroup() took 2 ms.
[INFO ] 2024-02-23 11:00:48,471 org.testng.internal.Utils:112 - [Utils] MethodGroupsHelper.sortMethods() took 10 ms.
[INFO ] 2024-02-23 11:00:48,472 org.testng.internal.Utils:112 - [Utils] MethodGroupsHelper.collectMethodsByGroup() took 0 ms.
[INFO ] 2024-02-23 11:00:48,473 org.testng.internal.Utils:112 - [Utils] MethodGroupsHelper.sortMethods() took 0 ms.
[INFO ] 2024-02-23 11:00:48,475 org.testng.internal.Utils:112 - [Utils] MethodGroupsHelper.collectMethodsByGroup() took 0 ms.
[INFO ] 2024-02-23 11:00:48,476 org.testng.internal.Utils:112 - [Utils] MethodGroupsHelper.sortMethods() took 0 ms.
[INFO ] 2024-02-23 11:00:48,477 org.testng.internal.Utils:112 - [Utils] MethodGroupsHelper.collectMethodsByGroup() took 0 ms.
[INFO ] 2024-02-23 11:00:48,477 org.testng.internal.Utils:112 - [Utils] MethodGroupsHelper.sortMethods() took 0 ms.
[INFO ] 2024-02-23 11:00:48,478 org.testng.internal.Utils:112 - [Utils] MethodGroupsHelper.collectMethodsByGroup() took 0 ms.
[INFO ] 2024-02-23 11:00:48,479 org.testng.internal.Utils:112 - [Utils] MethodGroupsHelper.sortMethods() took 0 ms.
[INFO ] 2024-02-23 11:00:48,481 org.testng.internal.Utils:112 - [Utils] MethodGroupsHelper.collectMethodsByGroup() took 0 ms.
[INFO ] 2024-02-23 11:00:48,481 org.testng.internal.Utils:112 - [Utils] MethodGroupsHelper.sortMethods() took 0 ms.
[INFO ] 2024-02-23 11:00:48,485 org.testng.internal.Utils:112 - [Utils] MethodGroupsHelper.collectMethodsByGroup() took 0 ms.
[INFO ] 2024-02-23 11:00:48,486 org.testng.internal.Utils:112 - [Utils] MethodGroupsHelper.sortMethods() took 1 ms.
[INFO ] 2024-02-23 11:00:48,488 org.testng.internal.Utils:112 - [Utils] MethodGroupsHelper.collectMethodsByGroup() took 0 ms.
[INFO ] 2024-02-23 11:00:48,494 org.testng.internal.Utils:112 - [Utils] MethodGroupsHelper.sortMethods() took 4 ms.
[INFO ] 2024-02-23 11:00:48,495 org.testng.internal.Utils:112 - [Utils] MethodGroupsHelper.collectMethodsByGroup() took 0 ms.
[INFO ] 2024-02-23 11:00:48,496 org.testng.internal.Utils:112 - [Utils] MethodGroupsHelper.sortMethods() took 0 ms.
[INFO ] 2024-02-23 11:00:48,499 org.testng.internal.Utils:112 - [Utils] MethodGroupsHelper.collectMethodsByGroup() took 1 ms.
[INFO ] 2024-02-23 11:00:48,500 org.testng.internal.Utils:112 - [Utils] MethodGroupsHelper.sortMethods() took 0 ms.
[INFO ] 2024-02-23 11:00:48,501 org.testng.internal.Utils:112 - [Utils] MethodGroupsHelper.collectMethodsByGroup() took 0 ms.
[INFO ] 2024-02-23 11:00:48,502 org.testng.internal.Utils:112 - [Utils] MethodGroupsHelper.sortMethods() took 0 ms.
[INFO ] 2024-02-23 11:00:48,505 org.testng.internal.Utils:112 - [Utils] MethodGroupsHelper.collectMethodsByGroup() took 1 ms.
[INFO ] 2024-02-23 11:00:48,505 org.testng.internal.Utils:112 - [Utils] MethodGroupsHelper.sortMethods() took 0 ms.
[INFO ] 2024-02-23 11:00:48,505 org.testng.internal.Utils:112 - [Utils] MethodGroupsHelper.collectMethodsByGroup() took 0 ms.
[INFO ] 2024-02-23 11:00:48,506 org.testng.internal.Utils:112 - [Utils] MethodGroupsHelper.sortMethods() took 0 ms.
[INFO ] 2024-02-23 11:00:48,544 org.testng.internal.Utils:112 - [TestNG] Running:
  C:\Users\jyothi.dunaboyina\Documents\workspace-spring-tool-suite-4-4.19.1.RELEASE\apitesting\testng.xml

[INFO ] 2024-02-23 11:00:48,574 com.restassured.base.Base:46 - Report Setup in each Test
[INFO ] 2024-02-23 11:00:51,964 com.restassured.base.Base:101 - Report Result in each Test
[INFO ] 2024-02-23 11:00:53,264 com.restassured.base.Base:101 - Report Result in each Test
[INFO ] 2024-02-23 11:00:55,849 com.restassured.base.Base:101 - Report Result in each Test
[INFO ] 2024-02-23 11:00:57,097 com.restassured.base.Base:101 - Report Result in each Test
[INFO ] 2024-02-23 11:00:57,407 com.restassured.base.Base:46 - Report Setup in each Test
[INFO ] 2024-02-23 11:00:59,334 com.restassured.base.Base:101 - Report Result in each Test
[INFO ] 2024-02-23 11:01:00,943 com.restassured.base.Base:101 - Report Result in each Test
[INFO ] 2024-02-23 11:01:02,239 com.restassured.base.Base:101 - Report Result in each Test
[INFO ] 2024-02-23 11:01:03,522 com.restassured.base.Base:101 - Report Result in each Test
[INFO ] 2024-02-23 11:01:04,810 com.restassured.base.Base:101 - Report Result in each Test
[INFO ] 2024-02-23 11:01:04,893 com.restassured.base.Base:46 - Report Setup in each Test
[INFO ] 2024-02-23 11:01:05,504 com.restassured.base.Base:101 - Report Result in each Test
[INFO ] 2024-02-23 11:01:05,681 com.restassured.base.Base:101 - Report Result in each Test
[INFO ] 2024-02-23 11:01:05,837 com.restassured.base.Base:101 - Report Result in each Test
[INFO ] 2024-02-23 11:01:06,282 com.restassured.base.Base:101 - Report Result in each Test
[INFO ] 2024-02-23 11:01:06,749 com.restassured.base.Base:101 - Report Result in each Test
